<?xml version="1.0" encoding="UTF-8"?>
<testng-results ignored="0" total="1" passed="1" failed="0" skipped="0">
  <reporter-output>
  </reporter-output>
  <suite started-at="2023-04-02T21:02:10 CEST" name="SeleniumFirstTest" finished-at="2023-04-02T21:02:10 CEST" duration-ms="69">
    <groups>
    </groups>
    <test started-at="2023-04-02T21:02:10 CEST" name="Command line test" finished-at="2023-04-02T21:02:10 CEST" duration-ms="69">
      <class name="SeleniumFirstTest">
        <test-method signature="testFirst()[pri:0, instance:SeleniumFirstTest@429bd883]" started-at="2023-04-02T21:02:10 CEST" name="testFirst" finished-at="2023-04-02T21:02:10 CEST" duration-ms="8" status="PASS">
          <reporter-output>
          </reporter-output>
        </test-method> <!-- testFirst -->
      </class> <!-- SeleniumFirstTest -->
    </test> <!-- Command line test -->
  </suite> <!-- SeleniumFirstTest -->
</testng-results>
